<?xml version="1.0" encoding="UTF-8" ?>
<testsuite tests="5" failures="0" name="TaxeSalaireTest" time="0.178" errors="0" skipped="0">
  <properties>
[...]
</properties>
  <testcase classname="TaxeSalaireTest" name="calculerImposition19999" time="0.019"/>
  <testcase classname="TaxeSalaireTest" name="calculerImposition20000" time="0"/>
  <testcase classname="TaxeSalaireTest" name="calculerImposition20001" time="0.001"/>
  <testcase classname="TaxeSalaireTest" name="calculerImpositionRevenuNegatif" time="0.157"/>
  <testcase classname="TaxeSalaireTest" name="calculerImposition200000" time="0.001"/>
</testsuite>